/home/davis/.jdks/corretto-1.8.0_402/bin/java -javaagent:/home/davis/Apps/idea-2023.3.6/lib/idea_rt.jar=37591:/home/davis/Apps/idea-2023.3.6/bin -Dfile.encoding=UTF-8 -classpath /home/davis/.jdks/corretto-1.8.0_402/jre/lib/charsets.jar:/home/davis/.jdks/corretto-1.8.0_402/jre/lib/ext/cldrdata.jar:/home/davis/.jdks/corretto-1.8.0_402/jre/lib/ext/dnsns.jar:/home/davis/.jdks/corretto-1.8.0_402/jre/lib/ext/jaccess.jar:/home/davis/.jdks/corretto-1.8.0_402/jre/lib/ext/jfxrt.jar:/home/davis/.jdks/corretto-1.8.0_402/jre/lib/ext/localedata.jar:/home/davis/.jdks/corretto-1.8.0_402/jre/lib/ext/nashorn.jar:/home/davis/.jdks/corretto-1.8.0_402/jre/lib/ext/sunec.jar:/home/davis/.jdks/corretto-1.8.0_402/jre/lib/ext/sunjce_provider.jar:/home/davis/.jdks/corretto-1.8.0_402/jre/lib/ext/sunpkcs11.jar:/home/davis/.jdks/corretto-1.8.0_402/jre/lib/ext/zipfs.jar:/home/davis/.jdks/corretto-1.8.0_402/jre/lib/jce.jar:/home/davis/.jdks/corretto-1.8.0_402/jre/lib/jfr.jar:/home/davis/.jdks/corretto-1.8.0_402/jre/lib/jfxswt.jar:/home/davis/.jdks/corretto-1.8.0_402/jre/lib/jsse.jar:/home/davis/.jdks/corretto-1.8.0_402/jre/lib/management-agent.jar:/home/davis/.jdks/corretto-1.8.0_402/jre/lib/resources.jar:/home/davis/.jdks/corretto-1.8.0_402/jre/lib/rt.jar:/home/davis/Work/zxf-java-rest-template/target/classes:/home/davis/.m2/repository/org/springframework/boot/spring-boot-starter-web/2.6.8/spring-boot-starter-web-2.6.8.jar:/home/davis/.m2/repository/org/springframework/boot/spring-boot-starter/2.6.8/spring-boot-starter-2.6.8.jar:/home/davis/.m2/repository/org/springframework/boot/spring-boot/2.6.8/spring-boot-2.6.8.jar:/home/davis/.m2/repository/org/springframework/boot/spring-boot-autoconfigure/2.6.8/spring-boot-autoconfigure-2.6.8.jar:/home/davis/.m2/repository/org/springframework/boot/spring-boot-starter-logging/2.6.8/spring-boot-starter-logging-2.6.8.jar:/home/davis/.m2/repository/ch/qos/logback/logback-classic/1.2.11/logback-classic-1.2.11.jar:/home/davis/.m2/repository/ch/qos/logback/logback-core/1.2.11/logback-core-1.2.11.jar:/home/davis/.m2/repository/org/slf4j/slf4j-api/1.7.36/slf4j-api-1.7.36.jar:/home/davis/.m2/repository/org/apache/logging/log4j/log4j-to-slf4j/2.17.2/log4j-to-slf4j-2.17.2.jar:/home/davis/.m2/repository/org/apache/logging/log4j/log4j-api/2.17.2/log4j-api-2.17.2.jar:/home/davis/.m2/repository/org/slf4j/jul-to-slf4j/1.7.36/jul-to-slf4j-1.7.36.jar:/home/davis/.m2/repository/jakarta/annotation/jakarta.annotation-api/1.3.5/jakarta.annotation-api-1.3.5.jar:/home/davis/.m2/repository/org/springframework/spring-core/5.3.20/spring-core-5.3.20.jar:/home/davis/.m2/repository/org/springframework/spring-jcl/5.3.20/spring-jcl-5.3.20.jar:/home/davis/.m2/repository/org/yaml/snakeyaml/1.29/snakeyaml-1.29.jar:/home/davis/.m2/repository/org/springframework/boot/spring-boot-starter-json/2.6.8/spring-boot-starter-json-2.6.8.jar:/home/davis/.m2/repository/com/fasterxml/jackson/core/jackson-databind/2.13.3/jackson-databind-2.13.3.jar:/home/davis/.m2/repository/com/fasterxml/jackson/core/jackson-annotations/2.13.3/jackson-annotations-2.13.3.jar:/home/davis/.m2/repository/com/fasterxml/jackson/core/jackson-core/2.13.3/jackson-core-2.13.3.jar:/home/davis/.m2/repository/com/fasterxml/jackson/datatype/jackson-datatype-jdk8/2.13.3/jackson-datatype-jdk8-2.13.3.jar:/home/davis/.m2/repository/com/fasterxml/jackson/datatype/jackson-datatype-jsr310/2.13.3/jackson-datatype-jsr310-2.13.3.jar:/home/davis/.m2/repository/com/fasterxml/jackson/module/jackson-module-parameter-names/2.13.3/jackson-module-parameter-names-2.13.3.jar:/home/davis/.m2/repository/org/springframework/boot/spring-boot-starter-tomcat/2.6.8/spring-boot-starter-tomcat-2.6.8.jar:/home/davis/.m2/repository/org/apache/tomcat/embed/tomcat-embed-core/9.0.63/tomcat-embed-core-9.0.63.jar:/home/davis/.m2/repository/org/apache/tomcat/embed/tomcat-embed-el/9.0.63/tomcat-embed-el-9.0.63.jar:/home/davis/.m2/repository/org/apache/tomcat/embed/tomcat-embed-websocket/9.0.63/tomcat-embed-websocket-9.0.63.jar:/home/davis/.m2/repository/org/springframework/spring-web/5.3.20/spring-web-5.3.20.jar:/home/davis/.m2/repository/org/springframework/spring-beans/5.3.20/spring-beans-5.3.20.jar:/home/davis/.m2/repository/org/springframework/spring-webmvc/5.3.20/spring-webmvc-5.3.20.jar:/home/davis/.m2/repository/org/springframework/spring-aop/5.3.20/spring-aop-5.3.20.jar:/home/davis/.m2/repository/org/springframework/spring-context/5.3.20/spring-context-5.3.20.jar:/home/davis/.m2/repository/org/springframework/spring-expression/5.3.20/spring-expression-5.3.20.jar:/home/davis/.m2/repository/org/apache/httpcomponents/httpclient/4.5.13/httpclient-4.5.13.jar:/home/davis/.m2/repository/org/apache/httpcomponents/httpcore/4.4.15/httpcore-4.4.15.jar:/home/davis/.m2/repository/commons-codec/commons-codec/1.15/commons-codec-1.15.jar:/home/davis/.m2/repository/com/squareup/okhttp3/okhttp/3.14.9/okhttp-3.14.9.jar:/home/davis/.m2/repository/com/squareup/okio/okio/1.17.2/okio-1.17.2.jar zxf.java.http.Application
Picked up _JAVA_OPTIONS: -Dawt.useSystemAAFontSettings=on -Dswing.aatext=true

  .   ____          _            __ _ _
 /\\ / ___'_ __ _ _(_)_ __  __ _ \ \ \ \
( ( )\___ | '_ | '_| | '_ \/ _` | \ \ \ \
 \\/  ___)| |_)| | | | | || (_| |  ) ) ) )
  '  |____| .__|_| |_|_| |_\__, | / / / /
 =========|_|==============|___/=/_/_/_/
 :: Spring Boot ::                (v2.6.8)

2024-04-13 23:08:43.102  INFO 125996 --- [           main] zxf.java.http.Application                : Starting Application using Java 1.8.0_402 on DavisZAN with PID 125996 (/home/davis/Work/zxf-java-rest-template/target/classes started by davis in /home/davis/Work/zxf-java-rest-template)
2024-04-13 23:08:43.104  INFO 125996 --- [           main] zxf.java.http.Application                : No active profile set, falling back to 1 default profile: "default"
2024-04-13 23:08:43.573  INFO 125996 --- [           main] o.s.b.w.embedded.tomcat.TomcatWebServer  : Tomcat initialized with port(s): 8080 (http)
2024-04-13 23:08:43.579  INFO 125996 --- [           main] o.apache.catalina.core.StandardService   : Starting service [Tomcat]
2024-04-13 23:08:43.579  INFO 125996 --- [           main] org.apache.catalina.core.StandardEngine  : Starting Servlet engine: [Apache Tomcat/9.0.63]
2024-04-13 23:08:43.622  INFO 125996 --- [           main] o.a.c.c.C.[Tomcat].[localhost].[/]       : Initializing Spring embedded WebApplicationContext
2024-04-13 23:08:43.622  INFO 125996 --- [           main] w.s.c.ServletWebServerApplicationContext : Root WebApplicationContext: initialization completed in 487 ms
2024-04-13 23:08:43.964  INFO 125996 --- [           main] o.s.b.w.embedded.tomcat.TomcatWebServer  : Tomcat started on port(s): 8080 (http) with context path ''
2024-04-13 23:08:43.972  INFO 125996 --- [           main] zxf.java.http.Application                : Started Application in 1.086 seconds (JVM running for 1.277)
2024-04-13 23:09:24.229  INFO 125996 --- [nio-8080-exec-1] o.a.c.c.C.[Tomcat].[localhost].[/]       : Initializing Spring DispatcherServlet 'dispatcherServlet'
2024-04-13 23:09:24.229  INFO 125996 --- [nio-8080-exec-1] o.s.web.servlet.DispatcherServlet        : Initializing Servlet 'dispatcherServlet'
2024-04-13 23:09:24.230  INFO 125996 --- [nio-8080-exec-1] o.s.web.servlet.DispatcherServlet        : Completed initialization in 1 ms
2024-04-13 23:09:24.262 DEBUG 125996 --- [nio-8080-exec-1] h.i.c.PoolingHttpClientConnectionManager : Connection request: [route: {s}->https://www.youdao.com:443][total available: 0; route allocated: 0 of 20; total allocated: 0 of 200]
2024-04-13 23:09:24.266 DEBUG 125996 --- [nio-8080-exec-1] h.i.c.PoolingHttpClientConnectionManager : Connection leased: [id: 0][route: {s}->https://www.youdao.com:443][total available: 0; route allocated: 1 of 20; total allocated: 1 of 200]
2024-04-13 23:09:24.284 DEBUG 125996 --- [nio-8080-exec-1] .i.c.DefaultHttpClientConnectionOperator : Connecting to www.youdao.com/111.124.200.101:443
2024-04-13 23:09:24.485 DEBUG 125996 --- [nio-8080-exec-1] .i.c.DefaultHttpClientConnectionOperator : Connection established 192.168.3.16:59794<->111.124.200.101:443
2024-04-13 23:09:24.485 DEBUG 125996 --- [nio-8080-exec-1] h.i.c.DefaultManagedHttpClientConnection : http-outgoing-0: set socket timeout to 30000
2024-04-13 23:09:24.567 DEBUG 125996 --- [nio-8080-exec-1] h.i.c.PoolingHttpClientConnectionManager : Connection [id: 0][route: {s}->https://www.youdao.com:443] can be kept alive indefinitely
2024-04-13 23:09:24.567 DEBUG 125996 --- [nio-8080-exec-1] h.i.c.DefaultManagedHttpClientConnection : http-outgoing-0: set socket timeout to 0
2024-04-13 23:09:24.567 DEBUG 125996 --- [nio-8080-exec-1] h.i.c.PoolingHttpClientConnectionManager : Connection released: [id: 0][route: {s}->https://www.youdao.com:443][total available: 1; route allocated: 1 of 20; total allocated: 1 of 200]
2024-04-13 23:09:35.756 DEBUG 125996 --- [nio-8080-exec-3] h.i.c.PoolingHttpClientConnectionManager : Connection request: [route: {s}->https://www.youdao.com:443][total available: 1; route allocated: 1 of 20; total allocated: 1 of 200]
2024-04-13 23:09:35.758 DEBUG 125996 --- [nio-8080-exec-3] h.i.c.DefaultManagedHttpClientConnection : http-outgoing-0: Close connection
2024-04-13 23:09:35.759 DEBUG 125996 --- [nio-8080-exec-3] h.i.c.PoolingHttpClientConnectionManager : Connection leased: [id: 1][route: {s}->https://www.youdao.com:443][total available: 0; route allocated: 1 of 20; total allocated: 1 of 200]
2024-04-13 23:09:35.760 DEBUG 125996 --- [nio-8080-exec-3] .i.c.DefaultHttpClientConnectionOperator : Connecting to www.youdao.com/111.124.200.101:443
2024-04-13 23:09:35.842 DEBUG 125996 --- [nio-8080-exec-3] .i.c.DefaultHttpClientConnectionOperator : Connection established 192.168.3.16:57820<->111.124.200.101:443
2024-04-13 23:09:35.842 DEBUG 125996 --- [nio-8080-exec-3] h.i.c.DefaultManagedHttpClientConnection : http-outgoing-1: set socket timeout to 30000
2024-04-13 23:10:05.874 DEBUG 125996 --- [nio-8080-exec-3] h.i.c.DefaultManagedHttpClientConnection : http-outgoing-1: Close connection
2024-04-13 23:10:13.513 DEBUG 125996 --- [nio-8080-exec-4] h.i.c.PoolingHttpClientConnectionManager : Connection request: [route: {s}->https://www.youdao.com:443][total available: 0; route allocated: 1 of 20; total allocated: 1 of 200]
2024-04-13 23:10:13.514 DEBUG 125996 --- [nio-8080-exec-4] h.i.c.PoolingHttpClientConnectionManager : Connection leased: [id: 2][route: {s}->https://www.youdao.com:443][total available: 0; route allocated: 2 of 20; total allocated: 2 of 200]
2024-04-13 23:10:13.519 DEBUG 125996 --- [nio-8080-exec-4] .i.c.DefaultHttpClientConnectionOperator : Connecting to www.youdao.com/111.124.200.101:443
2024-04-13 23:10:13.600 DEBUG 125996 --- [nio-8080-exec-4] .i.c.DefaultHttpClientConnectionOperator : Connection established 192.168.3.16:45240<->111.124.200.101:443
2024-04-13 23:10:13.601 DEBUG 125996 --- [nio-8080-exec-4] h.i.c.DefaultManagedHttpClientConnection : http-outgoing-2: set socket timeout to 30000
2024-04-13 23:10:15.310 DEBUG 125996 --- [nio-8080-exec-4] h.i.c.DefaultManagedHttpClientConnection : http-outgoing-2: Close connection
2024-04-13 23:10:15.311 DEBUG 125996 --- [nio-8080-exec-4] h.i.c.DefaultManagedHttpClientConnection : http-outgoing-2: Shutdown connection
2024-04-13 23:10:15.311 DEBUG 125996 --- [nio-8080-exec-4] h.i.c.PoolingHttpClientConnectionManager : Connection released: [id: 2][route: {s}->https://www.youdao.com:443][total available: 0; route allocated: 1 of 20; total allocated: 1 of 200]
2024-04-13 23:10:15.325 ERROR 125996 --- [nio-8080-exec-4] o.a.c.c.C.[.[.[/].[dispatcherServlet]    : Servlet.service() for servlet [dispatcherServlet] in context with path [] threw exception [Request processing failed; nested exception is org.springframework.web.client.ResourceAccessException: I/O error on GET request for "https://www.youdao.com": Connection reset; nested exception is javax.net.ssl.SSLException: Connection reset] with root cause

java.net.SocketException: Connection reset
	at java.net.SocketInputStream.read(SocketInputStream.java:210) ~[na:1.8.0_402]
	at java.net.SocketInputStream.read(SocketInputStream.java:141) ~[na:1.8.0_402]
	at sun.security.ssl.SSLSocketInputRecord.read(SSLSocketInputRecord.java:464) ~[na:1.8.0_402]
	at sun.security.ssl.SSLSocketInputRecord.bytesInCompletePacket(SSLSocketInputRecord.java:68) ~[na:1.8.0_402]
	at sun.security.ssl.SSLSocketImpl.readApplicationRecord(SSLSocketImpl.java:1350) ~[na:1.8.0_402]
	at sun.security.ssl.SSLSocketImpl.access$300(SSLSocketImpl.java:73) ~[na:1.8.0_402]
	at sun.security.ssl.SSLSocketImpl$AppInputStream.read(SSLSocketImpl.java:966) ~[na:1.8.0_402]
	at org.apache.http.impl.io.SessionInputBufferImpl.streamRead(SessionInputBufferImpl.java:137) ~[httpcore-4.4.15.jar:4.4.15]
	at org.apache.http.impl.io.SessionInputBufferImpl.fillBuffer(SessionInputBufferImpl.java:153) ~[httpcore-4.4.15.jar:4.4.15]
	at org.apache.http.impl.io.SessionInputBufferImpl.readLine(SessionInputBufferImpl.java:280) ~[httpcore-4.4.15.jar:4.4.15]
	at org.apache.http.impl.conn.DefaultHttpResponseParser.parseHead(DefaultHttpResponseParser.java:138) ~[httpclient-4.5.13.jar:4.5.13]
	at org.apache.http.impl.conn.DefaultHttpResponseParser.parseHead(DefaultHttpResponseParser.java:56) ~[httpclient-4.5.13.jar:4.5.13]
	at org.apache.http.impl.io.AbstractMessageParser.parse(AbstractMessageParser.java:259) ~[httpcore-4.4.15.jar:4.4.15]
	at org.apache.http.impl.DefaultBHttpClientConnection.receiveResponseHeader(DefaultBHttpClientConnection.java:163) ~[httpcore-4.4.15.jar:4.4.15]
	at org.apache.http.impl.conn.CPoolProxy.receiveResponseHeader(CPoolProxy.java:157) ~[httpclient-4.5.13.jar:4.5.13]
	at org.apache.http.protocol.HttpRequestExecutor.doReceiveResponse(HttpRequestExecutor.java:273) ~[httpcore-4.4.15.jar:4.4.15]
	at org.apache.http.protocol.HttpRequestExecutor.execute(HttpRequestExecutor.java:125) ~[httpcore-4.4.15.jar:4.4.15]
	at org.apache.http.impl.execchain.MainClientExec.execute(MainClientExec.java:272) ~[httpclient-4.5.13.jar:4.5.13]
	at org.apache.http.impl.execchain.ProtocolExec.execute(ProtocolExec.java:186) ~[httpclient-4.5.13.jar:4.5.13]
	at org.apache.http.impl.execchain.RetryExec.execute(RetryExec.java:89) ~[httpclient-4.5.13.jar:4.5.13]
	at org.apache.http.impl.execchain.RedirectExec.execute(RedirectExec.java:110) ~[httpclient-4.5.13.jar:4.5.13]
	at org.apache.http.impl.client.InternalHttpClient.doExecute(InternalHttpClient.java:185) ~[httpclient-4.5.13.jar:4.5.13]
	at org.apache.http.impl.client.CloseableHttpClient.execute(CloseableHttpClient.java:83) ~[httpclient-4.5.13.jar:4.5.13]
	at org.apache.http.impl.client.CloseableHttpClient.execute(CloseableHttpClient.java:56) ~[httpclient-4.5.13.jar:4.5.13]
	at org.springframework.http.client.HttpComponentsClientHttpRequest.executeInternal(HttpComponentsClientHttpRequest.java:87) ~[spring-web-5.3.20.jar:5.3.20]
	at org.springframework.http.client.AbstractBufferingClientHttpRequest.executeInternal(AbstractBufferingClientHttpRequest.java:48) ~[spring-web-5.3.20.jar:5.3.20]
	at org.springframework.http.client.AbstractClientHttpRequest.execute(AbstractClientHttpRequest.java:66) ~[spring-web-5.3.20.jar:5.3.20]
	at org.springframework.web.client.RestTemplate.doExecute(RestTemplate.java:776) ~[spring-web-5.3.20.jar:5.3.20]
	at org.springframework.web.client.RestTemplate.execute(RestTemplate.java:711) ~[spring-web-5.3.20.jar:5.3.20]
	at org.springframework.web.client.RestTemplate.getForObject(RestTemplate.java:334) ~[spring-web-5.3.20.jar:5.3.20]
	at zxf.java.http.rest.HttpClientController.apacheHttpWithPooling(HttpClientController.java:56) ~[classes/:na]
	at sun.reflect.NativeMethodAccessorImpl.invoke0(Native Method) ~[na:1.8.0_402]
	at sun.reflect.NativeMethodAccessorImpl.invoke(NativeMethodAccessorImpl.java:62) ~[na:1.8.0_402]
	at sun.reflect.DelegatingMethodAccessorImpl.invoke(DelegatingMethodAccessorImpl.java:43) ~[na:1.8.0_402]
	at java.lang.reflect.Method.invoke(Method.java:498) ~[na:1.8.0_402]
	at org.springframework.web.method.support.InvocableHandlerMethod.doInvoke(InvocableHandlerMethod.java:205) ~[spring-web-5.3.20.jar:5.3.20]
	at org.springframework.web.method.support.InvocableHandlerMethod.invokeForRequest(InvocableHandlerMethod.java:150) ~[spring-web-5.3.20.jar:5.3.20]
	at org.springframework.web.servlet.mvc.method.annotation.ServletInvocableHandlerMethod.invokeAndHandle(ServletInvocableHandlerMethod.java:117) ~[spring-webmvc-5.3.20.jar:5.3.20]
	at org.springframework.web.servlet.mvc.method.annotation.RequestMappingHandlerAdapter.invokeHandlerMethod(RequestMappingHandlerAdapter.java:895) ~[spring-webmvc-5.3.20.jar:5.3.20]
	at org.springframework.web.servlet.mvc.method.annotation.RequestMappingHandlerAdapter.handleInternal(RequestMappingHandlerAdapter.java:808) ~[spring-webmvc-5.3.20.jar:5.3.20]
	at org.springframework.web.servlet.mvc.method.AbstractHandlerMethodAdapter.handle(AbstractHandlerMethodAdapter.java:87) ~[spring-webmvc-5.3.20.jar:5.3.20]
	at org.springframework.web.servlet.DispatcherServlet.doDispatch(DispatcherServlet.java:1067) ~[spring-webmvc-5.3.20.jar:5.3.20]
	at org.springframework.web.servlet.DispatcherServlet.doService(DispatcherServlet.java:963) ~[spring-webmvc-5.3.20.jar:5.3.20]
	at org.springframework.web.servlet.FrameworkServlet.processRequest(FrameworkServlet.java:1006) ~[spring-webmvc-5.3.20.jar:5.3.20]
	at org.springframework.web.servlet.FrameworkServlet.doGet(FrameworkServlet.java:898) ~[spring-webmvc-5.3.20.jar:5.3.20]
	at javax.servlet.http.HttpServlet.service(HttpServlet.java:655) ~[tomcat-embed-core-9.0.63.jar:4.0.FR]
	at org.springframework.web.servlet.FrameworkServlet.service(FrameworkServlet.java:883) ~[spring-webmvc-5.3.20.jar:5.3.20]
	at javax.servlet.http.HttpServlet.service(HttpServlet.java:764) ~[tomcat-embed-core-9.0.63.jar:4.0.FR]
	at org.apache.catalina.core.ApplicationFilterChain.internalDoFilter(ApplicationFilterChain.java:227) ~[tomcat-embed-core-9.0.63.jar:9.0.63]
	at org.apache.catalina.core.ApplicationFilterChain.doFilter(ApplicationFilterChain.java:162) ~[tomcat-embed-core-9.0.63.jar:9.0.63]
	at org.apache.tomcat.websocket.server.WsFilter.doFilter(WsFilter.java:53) ~[tomcat-embed-websocket-9.0.63.jar:9.0.63]
	at org.apache.catalina.core.ApplicationFilterChain.internalDoFilter(ApplicationFilterChain.java:189) ~[tomcat-embed-core-9.0.63.jar:9.0.63]
	at org.apache.catalina.core.ApplicationFilterChain.doFilter(ApplicationFilterChain.java:162) ~[tomcat-embed-core-9.0.63.jar:9.0.63]
	at org.springframework.web.filter.RequestContextFilter.doFilterInternal(RequestContextFilter.java:100) ~[spring-web-5.3.20.jar:5.3.20]
	at org.springframework.web.filter.OncePerRequestFilter.doFilter(OncePerRequestFilter.java:117) ~[spring-web-5.3.20.jar:5.3.20]
	at org.apache.catalina.core.ApplicationFilterChain.internalDoFilter(ApplicationFilterChain.java:189) ~[tomcat-embed-core-9.0.63.jar:9.0.63]
	at org.apache.catalina.core.ApplicationFilterChain.doFilter(ApplicationFilterChain.java:162) ~[tomcat-embed-core-9.0.63.jar:9.0.63]
	at org.springframework.web.filter.FormContentFilter.doFilterInternal(FormContentFilter.java:93) ~[spring-web-5.3.20.jar:5.3.20]
	at org.springframework.web.filter.OncePerRequestFilter.doFilter(OncePerRequestFilter.java:117) ~[spring-web-5.3.20.jar:5.3.20]
	at org.apache.catalina.core.ApplicationFilterChain.internalDoFilter(ApplicationFilterChain.java:189) ~[tomcat-embed-core-9.0.63.jar:9.0.63]
	at org.apache.catalina.core.ApplicationFilterChain.doFilter(ApplicationFilterChain.java:162) ~[tomcat-embed-core-9.0.63.jar:9.0.63]
	at org.springframework.web.filter.CharacterEncodingFilter.doFilterInternal(CharacterEncodingFilter.java:201) ~[spring-web-5.3.20.jar:5.3.20]
	at org.springframework.web.filter.OncePerRequestFilter.doFilter(OncePerRequestFilter.java:117) ~[spring-web-5.3.20.jar:5.3.20]
	at org.apache.catalina.core.ApplicationFilterChain.internalDoFilter(ApplicationFilterChain.java:189) ~[tomcat-embed-core-9.0.63.jar:9.0.63]
	at org.apache.catalina.core.ApplicationFilterChain.doFilter(ApplicationFilterChain.java:162) ~[tomcat-embed-core-9.0.63.jar:9.0.63]
	at org.apache.catalina.core.StandardWrapperValve.invoke(StandardWrapperValve.java:197) ~[tomcat-embed-core-9.0.63.jar:9.0.63]
	at org.apache.catalina.core.StandardContextValve.invoke(StandardContextValve.java:97) [tomcat-embed-core-9.0.63.jar:9.0.63]
	at org.apache.catalina.authenticator.AuthenticatorBase.invoke(AuthenticatorBase.java:541) [tomcat-embed-core-9.0.63.jar:9.0.63]
	at org.apache.catalina.core.StandardHostValve.invoke(StandardHostValve.java:135) [tomcat-embed-core-9.0.63.jar:9.0.63]
	at org.apache.catalina.valves.ErrorReportValve.invoke(ErrorReportValve.java:92) [tomcat-embed-core-9.0.63.jar:9.0.63]
	at org.apache.catalina.core.StandardEngineValve.invoke(StandardEngineValve.java:78) [tomcat-embed-core-9.0.63.jar:9.0.63]
	at org.apache.catalina.connector.CoyoteAdapter.service(CoyoteAdapter.java:360) [tomcat-embed-core-9.0.63.jar:9.0.63]
	at org.apache.coyote.http11.Http11Processor.service(Http11Processor.java:399) [tomcat-embed-core-9.0.63.jar:9.0.63]
	at org.apache.coyote.AbstractProcessorLight.process(AbstractProcessorLight.java:65) [tomcat-embed-core-9.0.63.jar:9.0.63]
	at org.apache.coyote.AbstractProtocol$ConnectionHandler.process(AbstractProtocol.java:890) [tomcat-embed-core-9.0.63.jar:9.0.63]
	at org.apache.tomcat.util.net.NioEndpoint$SocketProcessor.doRun(NioEndpoint.java:1743) [tomcat-embed-core-9.0.63.jar:9.0.63]
	at org.apache.tomcat.util.net.SocketProcessorBase.run(SocketProcessorBase.java:49) [tomcat-embed-core-9.0.63.jar:9.0.63]
	at org.apache.tomcat.util.threads.ThreadPoolExecutor.runWorker(ThreadPoolExecutor.java:1191) [tomcat-embed-core-9.0.63.jar:9.0.63]
	at org.apache.tomcat.util.threads.ThreadPoolExecutor$Worker.run(ThreadPoolExecutor.java:659) [tomcat-embed-core-9.0.63.jar:9.0.63]
	at org.apache.tomcat.util.threads.TaskThread$WrappingRunnable.run(TaskThread.java:61) [tomcat-embed-core-9.0.63.jar:9.0.63]
	at java.lang.Thread.run(Thread.java:750) [na:1.8.0_402]